<?xml version="1.0" encoding="UTF-8"?>
<testsuite xmlns:xsi="http://www.w3.org/2001/XMLSchema-instance" xsi:noNamespaceSchemaLocation="https://maven.apache.org/surefire/maven-surefire-plugin/xsd/surefire-test-report-3.0.xsd" version="3.0" name="com.narada.sdk.test.TestClient" time="0.0" tests="0" errors="0" skipped="0" failures="0">
  <properties>
    <property name="java.specification.version" value="22"/>
    <property name="sun.cpu.isalist" value="amd64"/>
    <property name="sun.jnu.encoding" value="Cp1252"/>
    <property name="java.class.path" value="D:\OpenTurf_Technologies\Projects\WorkSpace\Narada_SDK\target\test-classes;D:\OpenTurf_Technologies\Projects\WorkSpace\Narada_SDK\target\classes;C:\Users\ipsit_mallik\.m2\repository\org\apache\commons\commons-lang3\3.12.0\commons-lang3-3.12.0.jar;C:\Users\ipsit_mallik\.m2\repository\jakarta\xml\ws\jakarta.xml.ws-api\4.0.0\jakarta.xml.ws-api-4.0.0.jar;C:\Users\ipsit_mallik\.m2\repository\jakarta\xml\soap\jakarta.xml.soap-api\3.0.0\jakarta.xml.soap-api-3.0.0.jar;C:\Users\ipsit_mallik\.m2\repository\jakarta\xml\bind\jakarta.xml.bind-api\4.0.0\jakarta.xml.bind-api-4.0.0.jar;C:\Users\ipsit_mallik\.m2\repository\jakarta\activation\jakarta.activation-api\2.1.0\jakarta.activation-api-2.1.0.jar;C:\Users\ipsit_mallik\.m2\repository\org\glassfish\jaxb\jaxb-runtime\4.0.2\jaxb-runtime-4.0.2.jar;C:\Users\ipsit_mallik\.m2\repository\org\glassfish\jaxb\jaxb-core\4.0.2\jaxb-core-4.0.2.jar;C:\Users\ipsit_mallik\.m2\repository\org\glassfish\jaxb\txw2\4.0.2\txw2-4.0.2.jar;C:\Users\ipsit_mallik\.m2\repository\com\sun\istack\istack-commons-runtime\4.1.1\istack-commons-runtime-4.1.1.jar;C:\Users\ipsit_mallik\.m2\repository\org\apache\cxf\cxf-rt-frontend-jaxws\4.0.5\cxf-rt-frontend-jaxws-4.0.5.jar;C:\Users\ipsit_mallik\.m2\repository\xml-resolver\xml-resolver\1.2\xml-resolver-1.2.jar;C:\Users\ipsit_mallik\.m2\repository\org\ow2\asm\asm\9.7\asm-9.7.jar;C:\Users\ipsit_mallik\.m2\repository\org\apache\cxf\cxf-rt-bindings-xml\4.0.5\cxf-rt-bindings-xml-4.0.5.jar;C:\Users\ipsit_mallik\.m2\repository\org\apache\cxf\cxf-rt-frontend-simple\4.0.5\cxf-rt-frontend-simple-4.0.5.jar;C:\Users\ipsit_mallik\.m2\repository\org\eclipse\angus\angus-mail\1.0.0\angus-mail-1.0.0.jar;C:\Users\ipsit_mallik\.m2\repository\jakarta\mail\jakarta.mail-api\2.1.0\jakarta.mail-api-2.1.0.jar;C:\Users\ipsit_mallik\.m2\repository\org\apache\cxf\cxf-rt-ws-addr\4.0.5\cxf-rt-ws-addr-4.0.5.jar;C:\Users\ipsit_mallik\.m2\repository\org\apache\cxf\cxf-rt-ws-policy\4.0.5\cxf-rt-ws-policy-4.0.5.jar;C:\Users\ipsit_mallik\.m2\repository\org\apache\neethi\neethi\3.2.0\neethi-3.2.0.jar;C:\Users\ipsit_mallik\.m2\repository\org\eclipse\angus\angus-activation\2.0.2\angus-activation-2.0.2.jar;C:\Users\ipsit_mallik\.m2\repository\org\apache\cxf\cxf-rt-bindings-soap\4.0.5\cxf-rt-bindings-soap-4.0.5.jar;C:\Users\ipsit_mallik\.m2\repository\jakarta\jws\jakarta.jws-api\3.0.0\jakarta.jws-api-3.0.0.jar;C:\Users\ipsit_mallik\.m2\repository\org\apache\cxf\cxf-rt-wsdl\4.0.5\cxf-rt-wsdl-4.0.5.jar;C:\Users\ipsit_mallik\.m2\repository\wsdl4j\wsdl4j\1.6.3\wsdl4j-1.6.3.jar;C:\Users\ipsit_mallik\.m2\repository\org\apache\cxf\cxf-rt-databinding-jaxb\4.0.5\cxf-rt-databinding-jaxb-4.0.5.jar;C:\Users\ipsit_mallik\.m2\repository\org\apache\cxf\cxf-core\4.0.5\cxf-core-4.0.5.jar;C:\Users\ipsit_mallik\.m2\repository\jakarta\annotation\jakarta.annotation-api\2.1.1\jakarta.annotation-api-2.1.1.jar;C:\Users\ipsit_mallik\.m2\repository\com\fasterxml\woodstox\woodstox-core\6.6.2\woodstox-core-6.6.2.jar;C:\Users\ipsit_mallik\.m2\repository\org\codehaus\woodstox\stax2-api\4.2.2\stax2-api-4.2.2.jar;C:\Users\ipsit_mallik\.m2\repository\org\apache\ws\xmlschema\xmlschema-core\2.3.1\xmlschema-core-2.3.1.jar;C:\Users\ipsit_mallik\.m2\repository\org\apache\cxf\cxf-rt-transports-http\4.0.5\cxf-rt-transports-http-4.0.5.jar;C:\Users\ipsit_mallik\.m2\repository\org\slf4j\slf4j-api\1.7.36\slf4j-api-1.7.36.jar;C:\Users\ipsit_mallik\.m2\repository\ch\qos\logback\logback-classic\1.2.11\logback-classic-1.2.11.jar;C:\Users\ipsit_mallik\.m2\repository\ch\qos\logback\logback-core\1.2.11\logback-core-1.2.11.jar;C:\Users\ipsit_mallik\.m2\repository\org\bouncycastle\bcprov-jdk18on\1.72\bcprov-jdk18on-1.72.jar;C:\Users\ipsit_mallik\.m2\repository\commons-codec\commons-codec\1.15\commons-codec-1.15.jar;"/>
    <property name="java.vm.vendor" value="Oracle Corporation"/>
    <property name="sun.arch.data.model" value="64"/>
    <property name="user.variant" value=""/>
    <property name="java.vendor.url" value="https://java.oracle.com/"/>
    <property name="user.timezone" value="Asia/Calcutta"/>
    <property name="os.name" value="Windows 11"/>
    <property name="java.vm.specification.version" value="22"/>
    <property name="sun.java.launcher" value="SUN_STANDARD"/>
    <property name="user.country" value="IN"/>
    <property name="sun.boot.library.path" value="C:\Program Files\Java\jdk-22\bin"/>
    <property name="sun.java.command" value="C:\Users\ipsit_mallik\AppData\Local\Temp\surefire8053496784035678861\surefirebooter-20240829111559543_3.jar C:\Users\ipsit_mallik\AppData\Local\Temp\surefire8053496784035678861 2024-08-29T11-15-58_785-jvmRun1 surefire-20240829111559543_1tmp surefire_0-20240829111559543_2tmp"/>
    <property name="jdk.debug" value="release"/>
    <property name="surefire.test.class.path" value="D:\OpenTurf_Technologies\Projects\WorkSpace\Narada_SDK\target\test-classes;D:\OpenTurf_Technologies\Projects\WorkSpace\Narada_SDK\target\classes;C:\Users\ipsit_mallik\.m2\repository\org\apache\commons\commons-lang3\3.12.0\commons-lang3-3.12.0.jar;C:\Users\ipsit_mallik\.m2\repository\jakarta\xml\ws\jakarta.xml.ws-api\4.0.0\jakarta.xml.ws-api-4.0.0.jar;C:\Users\ipsit_mallik\.m2\repository\jakarta\xml\soap\jakarta.xml.soap-api\3.0.0\jakarta.xml.soap-api-3.0.0.jar;C:\Users\ipsit_mallik\.m2\repository\jakarta\xml\bind\jakarta.xml.bind-api\4.0.0\jakarta.xml.bind-api-4.0.0.jar;C:\Users\ipsit_mallik\.m2\repository\jakarta\activation\jakarta.activation-api\2.1.0\jakarta.activation-api-2.1.0.jar;C:\Users\ipsit_mallik\.m2\repository\org\glassfish\jaxb\jaxb-runtime\4.0.2\jaxb-runtime-4.0.2.jar;C:\Users\ipsit_mallik\.m2\repository\org\glassfish\jaxb\jaxb-core\4.0.2\jaxb-core-4.0.2.jar;C:\Users\ipsit_mallik\.m2\repository\org\glassfish\jaxb\txw2\4.0.2\txw2-4.0.2.jar;C:\Users\ipsit_mallik\.m2\repository\com\sun\istack\istack-commons-runtime\4.1.1\istack-commons-runtime-4.1.1.jar;C:\Users\ipsit_mallik\.m2\repository\org\apache\cxf\cxf-rt-frontend-jaxws\4.0.5\cxf-rt-frontend-jaxws-4.0.5.jar;C:\Users\ipsit_mallik\.m2\repository\xml-resolver\xml-resolver\1.2\xml-resolver-1.2.jar;C:\Users\ipsit_mallik\.m2\repository\org\ow2\asm\asm\9.7\asm-9.7.jar;C:\Users\ipsit_mallik\.m2\repository\org\apache\cxf\cxf-rt-bindings-xml\4.0.5\cxf-rt-bindings-xml-4.0.5.jar;C:\Users\ipsit_mallik\.m2\repository\org\apache\cxf\cxf-rt-frontend-simple\4.0.5\cxf-rt-frontend-simple-4.0.5.jar;C:\Users\ipsit_mallik\.m2\repository\org\eclipse\angus\angus-mail\1.0.0\angus-mail-1.0.0.jar;C:\Users\ipsit_mallik\.m2\repository\jakarta\mail\jakarta.mail-api\2.1.0\jakarta.mail-api-2.1.0.jar;C:\Users\ipsit_mallik\.m2\repository\org\apache\cxf\cxf-rt-ws-addr\4.0.5\cxf-rt-ws-addr-4.0.5.jar;C:\Users\ipsit_mallik\.m2\repository\org\apache\cxf\cxf-rt-ws-policy\4.0.5\cxf-rt-ws-policy-4.0.5.jar;C:\Users\ipsit_mallik\.m2\repository\org\apache\neethi\neethi\3.2.0\neethi-3.2.0.jar;C:\Users\ipsit_mallik\.m2\repository\org\eclipse\angus\angus-activation\2.0.2\angus-activation-2.0.2.jar;C:\Users\ipsit_mallik\.m2\repository\org\apache\cxf\cxf-rt-bindings-soap\4.0.5\cxf-rt-bindings-soap-4.0.5.jar;C:\Users\ipsit_mallik\.m2\repository\jakarta\jws\jakarta.jws-api\3.0.0\jakarta.jws-api-3.0.0.jar;C:\Users\ipsit_mallik\.m2\repository\org\apache\cxf\cxf-rt-wsdl\4.0.5\cxf-rt-wsdl-4.0.5.jar;C:\Users\ipsit_mallik\.m2\repository\wsdl4j\wsdl4j\1.6.3\wsdl4j-1.6.3.jar;C:\Users\ipsit_mallik\.m2\repository\org\apache\cxf\cxf-rt-databinding-jaxb\4.0.5\cxf-rt-databinding-jaxb-4.0.5.jar;C:\Users\ipsit_mallik\.m2\repository\org\apache\cxf\cxf-core\4.0.5\cxf-core-4.0.5.jar;C:\Users\ipsit_mallik\.m2\repository\jakarta\annotation\jakarta.annotation-api\2.1.1\jakarta.annotation-api-2.1.1.jar;C:\Users\ipsit_mallik\.m2\repository\com\fasterxml\woodstox\woodstox-core\6.6.2\woodstox-core-6.6.2.jar;C:\Users\ipsit_mallik\.m2\repository\org\codehaus\woodstox\stax2-api\4.2.2\stax2-api-4.2.2.jar;C:\Users\ipsit_mallik\.m2\repository\org\apache\ws\xmlschema\xmlschema-core\2.3.1\xmlschema-core-2.3.1.jar;C:\Users\ipsit_mallik\.m2\repository\org\apache\cxf\cxf-rt-transports-http\4.0.5\cxf-rt-transports-http-4.0.5.jar;C:\Users\ipsit_mallik\.m2\repository\org\slf4j\slf4j-api\1.7.36\slf4j-api-1.7.36.jar;C:\Users\ipsit_mallik\.m2\repository\ch\qos\logback\logback-classic\1.2.11\logback-classic-1.2.11.jar;C:\Users\ipsit_mallik\.m2\repository\ch\qos\logback\logback-core\1.2.11\logback-core-1.2.11.jar;C:\Users\ipsit_mallik\.m2\repository\org\bouncycastle\bcprov-jdk18on\1.72\bcprov-jdk18on-1.72.jar;C:\Users\ipsit_mallik\.m2\repository\commons-codec\commons-codec\1.15\commons-codec-1.15.jar;"/>
    <property name="sun.cpu.endian" value="little"/>
    <property name="user.home" value="C:\Users\ipsit_mallik"/>
    <property name="user.language" value="en"/>
    <property name="java.specification.vendor" value="Oracle Corporation"/>
    <property name="java.version.date" value="2024-04-16"/>
    <property name="java.home" value="C:\Program Files\Java\jdk-22"/>
    <property name="file.separator" value="\"/>
    <property name="basedir" value="D:\OpenTurf_Technologies\Projects\WorkSpace\Narada_SDK"/>
    <property name="style.color" value="always"/>
    <property name="java.vm.compressedOopsMode" value="32-bit"/>
    <property name="line.separator" value="&#10;"/>
    <property name="java.vm.specification.vendor" value="Oracle Corporation"/>
    <property name="java.specification.name" value="Java Platform API Specification"/>
    <property name="surefire.real.class.path" value="C:\Users\ipsit_mallik\AppData\Local\Temp\surefire8053496784035678861\surefirebooter-20240829111559543_3.jar"/>
    <property name="user.script" value=""/>
    <property name="sun.management.compiler" value="HotSpot 64-Bit Tiered Compilers"/>
    <property name="java.runtime.version" value="22.0.1+8-16"/>
    <property name="user.name" value="ipsit_mallik"/>
    <property name="stdout.encoding" value="Cp1252"/>
    <property name="path.separator" value=";"/>
    <property name="os.version" value="10.0"/>
    <property name="java.runtime.name" value="Java(TM) SE Runtime Environment"/>
    <property name="file.encoding" value="UTF-8"/>
    <property name="java.vm.name" value="Java HotSpot(TM) 64-Bit Server VM"/>
    <property name="localRepository" value="C:\Users\ipsit_mallik\.m2\repository"/>
    <property name="java.vendor.url.bug" value="https://bugreport.java.com/bugreport/"/>
    <property name="java.io.tmpdir" value="C:\Users\IPSIT_~1\AppData\Local\Temp\"/>
    <property name="java.version" value="22.0.1"/>
    <property name="user.dir" value="D:\OpenTurf_Technologies\Projects\WorkSpace\Narada_SDK"/>
    <property name="os.arch" value="amd64"/>
    <property name="java.vm.specification.name" value="Java Virtual Machine Specification"/>
    <property name="sun.os.patch.level" value=""/>
    <property name="native.encoding" value="Cp1252"/>
    <property name="java.library.path" value="C:\Program Files\Java\jdk-22\bin;C:\WINDOWS\Sun\Java\bin;C:\WINDOWS\system32;C:\WINDOWS;C:/Program Files/Java/jdk-22/bin/server;C:/Program Files/Java/jdk-22/bin;C:\Program Files\Common Files\Oracle\Java\javapath;D:\oracle\product\10.2.0\db_1\bin;C:\WINDOWS\system32;C:\WINDOWS;C:\WINDOWS\System32\Wbem;C:\WINDOWS\System32\WindowsPowerShell\v1.0\;C:\WINDOWS\System32\OpenSSH\;C:\Program Files\Git\cmd;C:\Program Files\dotnet\;C:\Program Files\PostgreSQL\16\bin;C:\Program Files\nodejs\;C:\Program Files\MySQL\MySQL Shell 8.0\bin\;C:\Program Files\Common Files\Oracle\Java\javapath;D:\oracle\product\10.2.0\db_1\bin;C:\WINDOWS\system32;C:\WINDOWS;C:\WINDOWS\System32\Wbem;C:\WINDOWS\System32\WindowsPowerShell\v1.0\;C:\WINDOWS\System32\OpenSSH\;C:\Program Files\Git\cmd;C:\Program Files\dotnet\;C:\Program Files\PostgreSQL\16\bin;C:\Program Files\nodejs\;C:\Program Files\MySQL\MySQL Shell 8.0\bin\;C:\Users\ipsit_mallik\AppData\Local\Programs\Python\Python310\Scripts\;C:\Users\ipsit_mallik\AppData\Local\Programs\Python\Python310\;C:\Users\ipsit_mallik\AppData\Local\Microsoft\WindowsApps;C:\Users\ipsit_mallik\AppData\Local\Programs\Microsoft VS Code\bin;C:\Users\ipsit_mallik\AppData\Local\GitHubDesktop\bin;C:\Program Files\Java\jdk-22\bin;C:\Program Files\Java\jdk-22\bin;D:\apache-cxf-4.0.5\bin;C:\WINDOWS\system32;;."/>
    <property name="java.vm.info" value="mixed mode, sharing"/>
    <property name="stderr.encoding" value="Cp1252"/>
    <property name="java.vendor" value="Oracle Corporation"/>
    <property name="java.vm.version" value="22.0.1+8-16"/>
    <property name="sun.io.unicode.encoding" value="UnicodeLittle"/>
    <property name="java.class.version" value="66.0"/>
  </properties>
</testsuite>